<?xml version="1.0" encoding="UTF-8"?>
<testng-results skipped="0" failed="0" ignored="0" total="1" passed="1">
  <reporter-output>
  </reporter-output>
  <suite name="com.carshop.testcases.LoginPageTest" duration-ms="29351" started-at="2019-02-22T13:04:13Z" finished-at="2019-02-22T13:04:42Z">
    <groups>
    </groups>
    <test name="Command line test" duration-ms="29351" started-at="2019-02-22T13:04:13Z" finished-at="2019-02-22T13:04:42Z">
      <class name="com.carshop.testcases.LoginPageTest">
        <test-method status="PASS" signature="setUp()[pri:0, instance:com.carshop.testcases.LoginPageTest@5315b42e]" name="setUp" is-config="true" duration-ms="8588" started-at="2019-02-22T13:04:13Z" finished-at="2019-02-22T13:04:22Z">
          <reporter-output>
          </reporter-output>
        </test-method> <!-- setUp -->
        <test-method status="PASS" signature="homePageMenuTest()[pri:0, instance:com.carshop.testcases.LoginPageTest@5315b42e]" name="homePageMenuTest" duration-ms="20000" started-at="2019-02-22T13:04:22Z" finished-at="2019-02-22T13:04:42Z">
          <reporter-output>
          </reporter-output>
        </test-method> <!-- homePageMenuTest -->
        <test-method status="PASS" signature="tearDown()[pri:0, instance:com.carshop.testcases.LoginPageTest@5315b42e]" name="tearDown" is-config="true" duration-ms="729" started-at="2019-02-22T13:04:42Z" finished-at="2019-02-22T13:04:42Z">
          <reporter-output>
          </reporter-output>
        </test-method> <!-- tearDown -->
      </class> <!-- com.carshop.testcases.LoginPageTest -->
    </test> <!-- Command line test -->
  </suite> <!-- com.carshop.testcases.LoginPageTest -->
</testng-results>
